2024-12-03 14:02:39,553 - INFO - Pagination ended for Sikkim Nationalised Transport (SNT).
2024-12-03 14:02:39,554 - INFO - Total routes added for Sikkim Nationalised Transport (SNT): 0
2024-12-03 14:02:50,091 - INFO - Pagination ended for KSRTC (Kerala).
2024-12-03 14:02:50,091 - INFO - Total routes added for KSRTC (Kerala): 0
2024-12-03 14:02:59,273 - INFO - Pagination ended for KAAC TRANSPORT.
2024-12-03 14:02:59,274 - INFO - Total routes added for KAAC TRANSPORT: 0
2024-12-03 14:03:08,386 - INFO - Pagination ended for Meghalaya Transport Corporation(MTC).
2024-12-03 14:03:08,387 - INFO - Total routes added for Meghalaya Transport Corporation(MTC): 0
2024-12-03 14:03:17,872 - INFO - Pagination ended for RSRTC.
2024-12-03 14:03:17,873 - INFO - Total routes added for RSRTC: 0
2024-12-03 14:03:31,427 - INFO - Pagination ended for PEPSU (Punjab).
2024-12-03 14:03:31,427 - INFO - Total routes added for PEPSU (Punjab): 0
2024-12-03 14:03:45,195 - INFO - Pagination ended for Chandigarh Transport Undertaking (CTU).
2024-12-03 14:03:45,195 - INFO - Total routes added for Chandigarh Transport Undertaking (CTU): 0
2024-12-03 14:04:02,610 - INFO - Pagination ended for TGSRTC.
2024-12-03 14:04:02,611 - INFO - Total routes added for TGSRTC: 0
2024-12-03 14:04:29,697 - INFO - Pagination ended for HRTC.
2024-12-03 14:04:29,697 - INFO - Total routes added for HRTC: 0
2024-12-03 14:04:57,206 - INFO - Pagination ended for Assam State Transport Corporation (ASTC).
2024-12-03 14:04:57,206 - INFO - Total routes added for Assam State Transport Corporation (ASTC): 0
